2025-11-05 08:47:13, MOVE, v:1, k:poo@budega, mode:PICK
2025-11-05 08:47:14, EXEC, v:1, k:poo@budega, mode:FULL, rate:0
2025-11-05 08:55:43, EXEC, v:1, k:poo@budega, mode:FULL, rate:0, size:57
2025-11-05 08:55:43, EXEC, v:1, k:poo@budega, mode:FULL, rate:0, size:57
2025-11-05 08:56:03, EXEC, v:1, k:poo@budega, mode:FULL, rate:0, size:57
2025-11-05 08:57:29, EXEC, v:1, k:poo@budega, mode:FULL, rate:0, size:57
2025-11-05 08:58:47, EXEC, v:1, k:poo@budega, mode:FULL, rate:0, size:57
2025-11-05 09:12:18, EXEC, v:1, k:poo@budega, mode:FULL, rate:0, size:63
2025-11-05 09:19:55, EXEC, v:1, k:poo@budega, mode:FULL, rate:0, size:64
2025-11-05 09:22:28, EXEC, v:1, k:poo@budega, mode:FULL, rate:0, size:60
2025-11-05 09:29:53, MOVE, v:1, k:poo@budega, mode:BACK
2025-11-05 09:30:07, MOVE, v:1, k:poo@pula-pula, mode:PICK
2025-11-05 09:53:18, EXEC, v:1, k:poo@pula-pula, mode:FULL, rate:0, size:19
2025-11-05 09:56:23, EXEC, v:1, k:poo@pula-pula, mode:FULL, rate:0, size:21
2025-11-05 09:56:24, EXEC, v:1, k:poo@pula-pula, mode:FULL, rate:0
2025-11-05 10:04:32, EXEC, v:1, k:poo@pula-pula, mode:FULL, rate:0, size:38
2025-11-05 10:06:31, EXEC, v:1, k:poo@pula-pula, mode:FULL, rate:0, size:39
2025-11-05 10:14:21, EXEC, v:1, k:poo@pula-pula, mode:FULL, rate:0, size:47
2025-11-05 10:14:51, EXEC, v:1, k:poo@pula-pula, mode:FULL, rate:0, size:46
2025-11-05 10:15:48, EXEC, v:1, k:poo@pula-pula, mode:FULL, rate:0, size:46
2025-11-05 10:16:28, EXEC, v:1, k:poo@pula-pula, mode:FULL, rate:0, size:48
2025-11-05 10:16:30, EXEC, v:1, k:poo@pula-pula, mode:FULL, rate:0
2025-11-05 10:18:00, EXEC, v:1, k:poo@pula-pula, mode:FULL, rate:0, size:46
2025-11-05 10:18:20, EXEC, v:1, k:poo@pula-pula, mode:FULL, rate:0, size:46
2025-11-05 10:18:54, EXEC, v:1, k:poo@pula-pula, mode:FULL, rate:0, size:46
2025-11-05 10:19:35, EXEC, v:1, k:poo@pula-pula, mode:FULL, rate:0, size:46
2025-11-05 10:28:01, EXEC, v:1, k:poo@pula-pula, mode:FULL, rate:0, size:48
2025-11-05 10:29:16, EXEC, v:1, k:poo@pula-pula, mode:FULL, rate:0, size:48
2025-11-05 10:35:01, EXEC, v:1, k:poo@pula-pula, mode:FULL, rate:0, size:53
2025-11-05 10:37:46, EXEC, v:1, k:poo@pula-pula, mode:FULL, rate:0, size:57
2025-11-05 10:37:56, EXEC, v:1, k:poo@pula-pula, mode:FULL, rate:0
2025-11-05 10:37:56, EXEC, v:1, k:poo@pula-pula, mode:FULL, rate:0
2025-11-05 10:38:18, MOVE, v:1, k:poo@pula-pula, mode:BACK
