2025-11-16 05:55:49, MOVE, v:1, k:poo@array, mode:PICK
2025-11-16 05:56:05, EXEC, v:1, k:poo@array, mode:LOCK, rate:0, size:63
2025-11-16 05:56:29, EXEC, v:1, k:poo@array, mode:FREE
2025-11-16 05:57:05, MOVE, v:1, k:poo@array, mode:BACK
2025-11-16 05:59:21, SELF, v:1, k:poo@array, rate:100, other:sim, alone:9, study:200
2025-11-16 06:06:17, MOVE, v:1, k:poo@junkfood, mode:PICK
2025-11-16 06:06:25, EXEC, v:1, k:poo@junkfood, mode:FULL, rate:0, size:40
2025-11-16 06:06:53, EXEC, v:1, k:poo@junkfood, mode:FULL, rate:0, size:42
2025-11-16 06:07:04, EXEC, v:1, k:poo@junkfood, mode:FULL, rate:0
2025-11-16 06:07:04, EXEC, v:1, k:poo@junkfood, mode:FULL, rate:0
2025-11-16 06:07:04, EXEC, v:1, k:poo@junkfood, mode:FULL, rate:0
2025-11-16 06:07:04, EXEC, v:1, k:poo@junkfood, mode:FULL, rate:0
2025-11-16 06:07:05, EXEC, v:1, k:poo@junkfood, mode:FULL, rate:0
2025-11-16 06:07:05, EXEC, v:1, k:poo@junkfood, mode:FULL, rate:0
2025-11-16 06:07:05, EXEC, v:1, k:poo@junkfood, mode:FULL, rate:0
2025-11-16 06:11:47, EXEC, v:1, k:poo@junkfood, mode:FULL, rate:0, size:42
2025-11-16 06:26:56, EXEC, v:1, k:poo@junkfood, mode:FULL, rate:0, size:38
2025-11-16 06:33:04, EXEC, v:1, k:poo@junkfood, mode:FULL, rate:0, size:38
2025-11-16 07:20:05, EXEC, v:1, k:poo@junkfood, mode:FULL, rate:0, size:63
2025-11-16 07:23:15, EXEC, v:1, k:poo@junkfood, mode:FULL, rate:0, size:63
2025-11-16 07:23:21, MOVE, v:1, k:poo@junkfood, mode:BACK
2025-11-16 07:23:26, MOVE, v:1, k:poo@cinema, mode:PICK
2025-11-16 07:23:27, EXEC, v:1, k:poo@cinema, mode:FULL, rate:33
2025-11-16 07:30:39, EXEC, v:1, k:poo@cinema, mode:FULL, rate:33, size:77
2025-11-16 07:31:18, EXEC, v:1, k:poo@cinema, mode:FULL, rate:11, size:77
2025-11-16 07:35:20, EXEC, v:1, k:poo@cinema, mode:FULL, rate:33, size:77
2025-11-16 07:35:23, EXEC, v:1, k:poo@cinema, mode:FULL, rate:33
2025-11-16 07:37:05, EXEC, v:1, k:poo@cinema, mode:FULL, rate:33, size:77
2025-11-16 07:38:34, EXEC, v:1, k:poo@cinema, mode:FREE
2025-11-16 07:39:00, EXEC, v:1, k:poo@cinema, mode:FREE
2025-11-16 07:41:07, EXEC, v:1, k:poo@cinema, mode:FULL, rate:44, size:77
2025-11-16 07:42:12, EXEC, v:1, k:poo@cinema, mode:FULL, rate:66, size:77
2025-11-16 07:42:44, EXEC, v:1, k:poo@cinema, mode:FULL, rate:66, size:77
2025-11-16 07:46:06, EXEC, v:1, k:poo@cinema, mode:FULL, rate:66, size:80
2025-11-16 07:46:24, EXEC, v:1, k:poo@cinema, mode:FULL, rate:88, size:80
2025-11-16 07:46:44, EXEC, v:1, k:poo@cinema, mode:FULL, rate:100, size:80
2025-11-16 07:46:50, EXEC, v:1, k:poo@cinema, mode:FULL, rate:100
2025-11-16 07:46:58, EXEC, v:1, k:poo@cinema, mode:FULL, rate:100
2025-11-16 07:49:27, MOVE, v:1, k:poo@cinema, mode:BACK
2025-11-16 07:51:43, SELF, v:1, k:poo@cinema, rate:100, guide:sim, alone:9, study:400
2025-11-16 07:51:55, MOVE, v:1, k:poo@pula-pula, mode:PICK
2025-11-16 07:51:58, EXEC, v:1, k:poo@pula-pula, mode:FULL, rate:20
2025-11-16 08:25:54, EXEC, v:1, k:poo@pula-pula, mode:FULL, rate:20, size:77
2025-11-16 08:29:06, EXEC, v:1, k:poo@pula-pula, mode:FULL, rate:0, size:91
2025-11-16 08:31:24, EXEC, v:1, k:poo@pula-pula, mode:FULL, rate:20, size:92
2025-11-16 08:34:10, EXEC, v:1, k:poo@pula-pula, mode:FULL, rate:20, size:92
2025-11-16 08:34:45, EXEC, v:1, k:poo@pula-pula, mode:FULL, rate:20, size:92
2025-11-16 08:37:40, EXEC, v:1, k:poo@pula-pula, mode:FULL, rate:20, size:92
2025-11-16 08:39:51, EXEC, v:1, k:poo@pula-pula, mode:FULL, rate:20
2025-11-16 08:40:15, MOVE, v:1, k:poo@pula-pula, mode:BACK
2025-11-16 08:40:33, MOVE, v:1, k:poo@budega, mode:PICK
2025-11-16 08:40:35, EXEC, v:1, k:poo@budega, mode:FULL, rate:20
2025-11-16 08:40:38, EXEC, v:1, k:poo@budega, mode:FULL, rate:20
2025-11-16 08:47:23, EXEC, v:1, k:poo@budega, mode:FULL, rate:20, size:75
2025-11-16 08:50:24, EXEC, v:1, k:poo@budega, mode:FULL, rate:20, size:78
2025-11-16 08:51:36, EXEC, v:1, k:poo@budega, mode:FULL, rate:20
2025-11-16 08:51:36, EXEC, v:1, k:poo@budega, mode:FULL, rate:20
2025-11-16 08:51:37, EXEC, v:1, k:poo@budega, mode:FULL, rate:20
2025-11-16 08:51:37, EXEC, v:1, k:poo@budega, mode:FULL, rate:20
2025-11-16 08:53:21, EXEC, v:1, k:poo@budega, mode:FULL, rate:20
2025-11-16 08:53:23, MOVE, v:1, k:poo@budega, mode:BACK
2025-11-16 08:55:57, MOVE, v:1, k:poo@budega, mode:PICK
2025-11-16 08:55:58, EXEC, v:1, k:poo@budega, mode:FULL, rate:20
2025-11-16 08:56:03, MOVE, v:1, k:poo@budega, mode:BACK
2025-11-16 08:56:07, MOVE, v:1, k:poo@lapiseira, mode:PICK
2025-11-16 08:56:08, EXEC, v:1, k:poo@lapiseira, mode:FULL, rate:0, size:99
2025-11-16 08:56:57, EXEC, v:1, k:poo@lapiseira, mode:FULL, rate:0
2025-11-16 08:57:14, EXEC, v:1, k:poo@lapiseira, mode:FULL, rate:0
2025-11-16 08:57:15, EXEC, v:1, k:poo@lapiseira, mode:FULL, rate:0
2025-11-16 08:57:16, EXEC, v:1, k:poo@lapiseira, mode:FULL, rate:0
2025-11-16 08:57:27, EXEC, v:1, k:poo@lapiseira, mode:FULL, rate:0
2025-11-16 08:57:28, EXEC, v:1, k:poo@lapiseira, mode:FULL, rate:0
2025-11-16 08:57:28, EXEC, v:1, k:poo@lapiseira, mode:FULL, rate:0
2025-11-16 09:13:11, EXEC, v:1, k:poo@lapiseira, mode:FULL, rate:0
2025-11-16 09:13:12, EXEC, v:1, k:poo@lapiseira, mode:FULL, rate:0
