2025-11-19 16:42:34, MOVE, v:1, k:poo@budega, mode:PICK
2025-11-19 16:42:36, EXEC, v:1, k:poo@budega, mode:FULL, rate:20
2025-11-19 16:51:48, EXEC, v:1, k:poo@budega, mode:FULL, rate:20
2025-11-19 16:54:35, EXEC, v:1, k:poo@budega, mode:FULL, rate:20
2025-11-19 16:54:37, EXEC, v:1, k:poo@budega, mode:FULL, rate:20
2025-11-19 16:58:11, EXEC, v:1, k:poo@budega, mode:FULL, rate:20
2025-11-19 16:58:11, EXEC, v:1, k:poo@budega, mode:FULL, rate:20
2025-11-19 16:58:12, MOVE, v:1, k:poo@budega, mode:BACK
2025-11-19 16:58:15, MOVE, v:1, k:poo@lapiseira, mode:PICK
2025-11-19 16:58:15, EXEC, v:1, k:poo@lapiseira, mode:FULL, rate:0, size:89
2025-11-19 16:58:16, EXEC, v:1, k:poo@lapiseira, mode:FULL, rate:0
2025-11-19 16:58:17, EXEC, v:1, k:poo@lapiseira, mode:FULL, rate:0
2025-11-19 16:58:18, EXEC, v:1, k:poo@lapiseira, mode:FULL, rate:0
2025-11-19 16:58:18, EXEC, v:1, k:poo@lapiseira, mode:FULL, rate:0
2025-11-19 16:58:19, MOVE, v:1, k:poo@lapiseira, mode:BACK
2025-11-19 16:58:21, MOVE, v:1, k:poo@pula-pula, mode:PICK
2025-11-19 16:58:23, EXEC, v:1, k:poo@pula-pula, mode:FULL, rate:20, size:92
2025-11-19 16:58:24, EXEC, v:1, k:poo@pula-pula, mode:FULL, rate:20
2025-11-19 16:58:35, EXEC, v:1, k:poo@pula-pula, mode:FULL, rate:20
2025-11-19 16:58:36, EXEC, v:1, k:poo@pula-pula, mode:FULL, rate:20
2025-11-19 16:58:37, MOVE, v:1, k:poo@pula-pula, mode:BACK
2025-11-19 16:58:40, MOVE, v:1, k:poo@cinema, mode:PICK
2025-11-19 16:58:42, EXEC, v:1, k:poo@cinema, mode:FULL, rate:100
2025-11-19 16:58:44, EXEC, v:1, k:poo@cinema, mode:FULL, rate:100
2025-11-19 16:58:49, MOVE, v:1, k:poo@cinema, mode:BACK
2025-11-19 16:59:23, SELF, v:1, k:poo@cinema, rate:100, guide:sim, other:sim, alone:9, study:400
2025-11-19 16:59:26, MOVE, v:1, k:poo@cinema, mode:PICK
2025-11-19 16:59:28, EXEC, v:1, k:poo@cinema, mode:FULL, rate:100
2025-11-19 16:59:29, MOVE, v:1, k:poo@cinema, mode:BACK
2025-11-19 17:00:17, MOVE, v:1, k:poo@pula-pula, mode:PICK
2025-11-19 17:00:19, EXEC, v:1, k:poo@pula-pula, mode:FULL, rate:20
2025-11-19 17:00:20, EXEC, v:1, k:poo@pula-pula, mode:FULL, rate:20
2025-11-19 17:00:22, MOVE, v:1, k:poo@pula-pula, mode:BACK
2025-11-19 17:00:32, MOVE, v:1, k:poo@lapiseira, mode:PICK
2025-11-19 17:00:33, EXEC, v:1, k:poo@lapiseira, mode:FULL, rate:0
2025-11-19 17:06:16, MOVE, v:1, k:poo@lapiseira, mode:BACK
2025-11-19 17:06:18, MOVE, v:1, k:poo@budega, mode:PICK
2025-11-19 17:06:20, EXEC, v:1, k:poo@budega, mode:FULL, rate:50, size:78
2025-11-19 17:06:35, EXEC, v:1, k:poo@budega, mode:FULL, rate:50
2025-11-19 17:07:00, EXEC, v:1, k:poo@budega, mode:FULL, rate:70, size:78
2025-11-19 17:07:26, EXEC, v:1, k:poo@budega, mode:FULL, rate:90, size:78
2025-11-19 17:09:03, EXEC, v:1, k:poo@budega, mode:FULL, rate:90, size:78
2025-11-19 17:11:34, EXEC, v:1, k:poo@budega, mode:FULL, rate:100, size:78
2025-11-19 17:11:38, EXEC, v:1, k:poo@budega, mode:FULL, rate:100
2025-11-19 17:11:40, MOVE, v:1, k:poo@budega, mode:BACK
2025-11-19 17:12:31, SELF, v:1, k:poo@budega, rate:100, alone:9, study:600
2025-11-19 17:14:03, SELF, v:1, k:poo@budega, rate:100, iagen:sim_pra_pesquisar_alguns_comandos_tipo_o_len, alone:9, study:600
2025-11-19 17:14:19, SELF, v:1, k:poo@budega, rate:100, iagen:sim_pra_pesquisar_alguns_comandos_tipo_o_len, alone:10, study:600
2025-11-19 17:14:33, MOVE, v:1, k:poo@pula-pula, mode:PICK
2025-11-19 17:14:35, EXEC, v:1, k:poo@pula-pula, mode:FULL, rate:20
2025-11-19 17:19:58, EXEC, v:1, k:poo@pula-pula, mode:FULL, rate:20
2025-11-19 17:23:02, EXEC, v:1, k:poo@pula-pula, mode:FULL, rate:40, size:92
2025-11-19 17:24:48, EXEC, v:1, k:poo@pula-pula, mode:FULL, rate:40, size:92
2025-11-19 17:26:21, EXEC, v:1, k:poo@pula-pula, mode:FULL, rate:40, size:90
2025-11-19 17:27:16, EXEC, v:1, k:poo@pula-pula, mode:FULL, rate:40, size:92
2025-11-19 17:27:17, EXEC, v:1, k:poo@pula-pula, mode:FULL, rate:40
2025-11-19 17:45:01, EXEC, v:1, k:poo@pula-pula, mode:FULL, rate:40, size:93
2025-11-19 17:45:50, EXEC, v:1, k:poo@pula-pula, mode:FULL, rate:40, size:94
2025-11-19 18:13:42, EXEC, v:1, k:poo@pula-pula, mode:FULL, rate:20, size:86
2025-11-19 18:14:04, EXEC, v:1, k:poo@pula-pula, mode:FULL, rate:40, size:93
2025-11-19 18:15:55, EXEC, v:1, k:poo@pula-pula, mode:FULL, rate:20, size:93
2025-11-19 18:17:37, EXEC, v:1, k:poo@pula-pula, mode:FULL, rate:40, size:93
2025-11-19 18:20:52, EXEC, v:1, k:poo@pula-pula, mode:FULL, rate:40
2025-11-19 18:22:50, MOVE, v:1, k:poo@pula-pula, mode:BACK
2025-11-19 18:22:57, MOVE, v:1, k:poo@lapiseira, mode:PICK
2025-11-19 18:22:58, EXEC, v:1, k:poo@lapiseira, mode:FULL, rate:0
2025-11-19 18:26:48, EXEC, v:1, k:poo@lapiseira, mode:FULL, rate:0, size:89
2025-11-19 18:34:54, EXEC, v:1, k:poo@lapiseira, mode:FULL, rate:0, size:90
2025-11-19 18:35:44, EXEC, v:1, k:poo@lapiseira, mode:FULL, rate:0, size:90
2025-11-19 18:37:11, EXEC, v:1, k:poo@lapiseira, mode:FULL, rate:0, size:90
2025-11-19 18:37:24, EXEC, v:1, k:poo@lapiseira, mode:FULL, rate:0, size:90
2025-11-19 18:42:53, EXEC, v:1, k:poo@lapiseira, mode:FULL, rate:0, size:94
2025-11-19 18:45:15, EXEC, v:1, k:poo@lapiseira, mode:FULL, rate:0, size:94
2025-11-19 18:45:47, EXEC, v:1, k:poo@lapiseira, mode:FULL, rate:0, size:94
2025-11-19 18:52:41, EXEC, v:1, k:poo@lapiseira, mode:FULL, rate:0, size:100
2025-11-19 18:53:00, EXEC, v:1, k:poo@lapiseira, mode:FULL, rate:0, size:102
2025-11-19 18:55:25, EXEC, v:1, k:poo@lapiseira, mode:FULL, rate:0, size:102
2025-11-19 18:58:09, EXEC, v:1, k:poo@lapiseira, mode:FULL, rate:0, size:104
2025-11-19 19:02:58, EXEC, v:1, k:poo@lapiseira, mode:FULL, rate:0, size:104
2025-11-19 19:03:45, EXEC, v:1, k:poo@lapiseira, mode:FULL, rate:0, size:104
2025-11-19 19:06:13, EXEC, v:1, k:poo@lapiseira, mode:FULL, rate:0, size:104
2025-11-19 19:06:14, EXEC, v:1, k:poo@lapiseira, mode:FULL, rate:0
2025-11-19 19:06:14, EXEC, v:1, k:poo@lapiseira, mode:FULL, rate:0
2025-11-19 19:06:15, EXEC, v:1, k:poo@lapiseira, mode:FULL, rate:0
2025-11-19 19:07:07, EXEC, v:1, k:poo@lapiseira, mode:FULL, rate:0, size:104
2025-11-19 19:07:08, EXEC, v:1, k:poo@lapiseira, mode:FULL, rate:0
2025-11-19 19:07:09, EXEC, v:1, k:poo@lapiseira, mode:FULL, rate:0
2025-11-19 19:07:09, EXEC, v:1, k:poo@lapiseira, mode:FULL, rate:0
2025-11-19 19:07:09, EXEC, v:1, k:poo@lapiseira, mode:FULL, rate:0
2025-11-19 19:07:10, EXEC, v:1, k:poo@lapiseira, mode:FULL, rate:0
2025-11-19 19:07:10, EXEC, v:1, k:poo@lapiseira, mode:FULL, rate:0
2025-11-19 19:07:10, EXEC, v:1, k:poo@lapiseira, mode:FULL, rate:0
2025-11-19 19:10:42, EXEC, v:1, k:poo@lapiseira, mode:FULL, rate:0, size:104
2025-11-19 19:10:43, EXEC, v:1, k:poo@lapiseira, mode:FULL, rate:0
2025-11-19 19:10:43, EXEC, v:1, k:poo@lapiseira, mode:FULL, rate:0
2025-11-19 19:10:44, EXEC, v:1, k:poo@lapiseira, mode:FULL, rate:0
2025-11-19 19:10:44, EXEC, v:1, k:poo@lapiseira, mode:FULL, rate:0
2025-11-19 19:11:59, EXEC, v:1, k:poo@lapiseira, mode:FULL, rate:0, size:104
2025-11-19 19:12:15, EXEC, v:1, k:poo@lapiseira, mode:FULL, rate:0, size:104
2025-11-19 19:13:13, EXEC, v:1, k:poo@lapiseira, mode:FULL, rate:0, size:104
2025-11-19 19:14:47, EXEC, v:1, k:poo@lapiseira, mode:FULL, rate:0, size:104
2025-11-19 19:15:39, EXEC, v:1, k:poo@lapiseira, mode:FULL, rate:0, size:102
2025-11-19 19:17:45, EXEC, v:1, k:poo@lapiseira, mode:FULL, rate:0, size:102
2025-11-19 19:18:14, EXEC, v:1, k:poo@lapiseira, mode:FULL, rate:7, size:102
2025-11-19 19:20:49, EXEC, v:1, k:poo@lapiseira, mode:FULL, rate:7
2025-11-19 19:20:50, EXEC, v:1, k:poo@lapiseira, mode:FULL, rate:7
2025-11-19 19:26:07, EXEC, v:1, k:poo@lapiseira, mode:FULL, rate:21, size:106
2025-11-19 19:27:03, EXEC, v:1, k:poo@lapiseira, mode:FULL, rate:21, size:106
2025-11-19 19:27:26, EXEC, v:1, k:poo@lapiseira, mode:FULL, rate:21, size:106
2025-11-19 19:27:33, EXEC, v:1, k:poo@lapiseira, mode:FULL, rate:21
2025-11-19 19:27:55, EXEC, v:1, k:poo@lapiseira, mode:FULL, rate:21, size:106
2025-11-19 19:28:33, EXEC, v:1, k:poo@lapiseira, mode:FULL, rate:7, size:106
2025-11-19 19:29:26, EXEC, v:1, k:poo@lapiseira, mode:FULL, rate:7, size:106
2025-11-19 19:29:55, EXEC, v:1, k:poo@lapiseira, mode:FULL, rate:21, size:106
2025-11-19 19:30:28, EXEC, v:1, k:poo@lapiseira, mode:FULL, rate:7, size:106
2025-11-19 19:31:09, EXEC, v:1, k:poo@lapiseira, mode:FULL, rate:21, size:106
2025-11-19 19:31:10, EXEC, v:1, k:poo@lapiseira, mode:FULL, rate:21
2025-11-19 19:31:11, EXEC, v:1, k:poo@lapiseira, mode:FULL, rate:21
2025-11-19 19:31:12, MOVE, v:1, k:poo@lapiseira, mode:BACK
