2025-11-08 00:00:08, EXEC, v:1, k:poo@pula-pula, mode:FULL, rate:0, size:77
2025-11-08 00:00:28, EXEC, v:1, k:poo@pula-pula, mode:FULL, rate:0, size:77
2025-11-08 00:00:42, EXEC, v:1, k:poo@pula-pula, mode:FULL, rate:0, size:77
2025-11-08 00:01:47, EXEC, v:1, k:poo@pula-pula, mode:FULL, rate:0, size:77
2025-11-08 00:02:53, EXEC, v:1, k:poo@pula-pula, mode:FULL, rate:0, size:77
2025-11-08 00:03:37, EXEC, v:1, k:poo@pula-pula, mode:FULL, rate:0, size:77
2025-11-08 00:04:02, EXEC, v:1, k:poo@pula-pula, mode:FULL, rate:0
2025-11-08 00:04:02, EXEC, v:1, k:poo@pula-pula, mode:FULL, rate:0
2025-11-08 00:04:20, EXEC, v:1, k:poo@pula-pula, mode:FULL, rate:0, size:77
2025-11-08 00:05:31, EXEC, v:1, k:poo@pula-pula, mode:FULL, rate:0, size:76
2025-11-08 00:06:04, EXEC, v:1, k:poo@pula-pula, mode:FULL, rate:0, size:76
2025-11-08 00:09:41, EXEC, v:1, k:poo@pula-pula, mode:FULL, rate:0, size:76
2025-11-08 00:10:31, EXEC, v:1, k:poo@pula-pula, mode:FULL, rate:0, size:76
2025-11-08 00:13:26, EXEC, v:1, k:poo@pula-pula, mode:FULL, rate:0, size:76
2025-11-08 00:14:01, EXEC, v:1, k:poo@pula-pula, mode:FULL, rate:0, size:76
2025-11-08 00:14:14, EXEC, v:1, k:poo@pula-pula, mode:FULL, rate:0, size:76
2025-11-08 00:14:51, EXEC, v:1, k:poo@pula-pula, mode:FULL, rate:0, size:76
2025-11-08 00:15:01, EXEC, v:1, k:poo@pula-pula, mode:FULL, rate:0, size:76
2025-11-08 00:15:12, EXEC, v:1, k:poo@pula-pula, mode:FULL, rate:10, size:76
2025-11-08 00:17:26, EXEC, v:1, k:poo@pula-pula, mode:FULL, rate:0, size:76
2025-11-08 00:18:25, EXEC, v:1, k:poo@pula-pula, mode:FULL, rate:10, size:76
2025-11-08 00:20:18, EXEC, v:1, k:poo@pula-pula, mode:FULL, rate:10, size:76
2025-11-08 00:20:53, EXEC, v:1, k:poo@pula-pula, mode:FULL, rate:10
2025-11-08 00:28:06, EXEC, v:1, k:poo@pula-pula, mode:FULL, rate:10, size:75
2025-11-08 00:29:10, EXEC, v:1, k:poo@pula-pula, mode:FULL, rate:0, size:75
2025-11-08 00:29:46, EXEC, v:1, k:poo@pula-pula, mode:FULL, rate:10, size:75
2025-11-08 00:30:26, EXEC, v:1, k:poo@pula-pula, mode:FULL, rate:10
2025-11-08 00:30:32, MOVE, v:1, k:poo@pula-pula, mode:BACK
2025-11-08 00:30:39, MOVE, v:1, k:poo@budega, mode:PICK
2025-11-08 00:30:40, EXEC, v:1, k:poo@budega, mode:FULL, rate:0
2025-11-08 00:30:42, EXEC, v:1, k:poo@budega, mode:FULL, rate:0
2025-11-08 00:36:20, MOVE, v:1, k:poo@budega, mode:BACK
2025-11-08 00:36:23, MOVE, v:1, k:poo@array, mode:PICK
2025-11-08 00:36:24, EXEC, v:1, k:poo@array, mode:LOCK, rate:100, size:3
2025-11-08 00:36:26, EXEC, v:1, k:poo@array, mode:LOCK, rate:100
2025-11-08 00:36:28, MOVE, v:1, k:poo@array, mode:BACK
2025-11-08 00:36:30, MOVE, v:1, k:poo@array, mode:PICK
2025-11-08 00:36:33, EXEC, v:1, k:poo@array, mode:FREE
2025-11-08 00:48:42, MOVE, v:1, k:poo@array, mode:BACK
