2025-11-11 11:23:52, MOVE, v:1, k:poo@lapiseira, mode:PICK
2025-11-11 11:23:53, EXEC, v:1, k:poo@lapiseira, mode:FULL, rate:0
2025-11-11 11:24:38, EXEC, v:1, k:poo@lapiseira, mode:FULL, rate:0, size:54
2025-11-11 11:24:55, EXEC, v:1, k:poo@lapiseira, mode:FULL, rate:0
2025-11-11 11:24:55, EXEC, v:1, k:poo@lapiseira, mode:FULL, rate:0
2025-11-11 11:26:00, EXEC, v:1, k:poo@lapiseira, mode:FULL, rate:0, size:54
2025-11-11 11:26:57, EXEC, v:1, k:poo@lapiseira, mode:FULL, rate:0
2025-11-11 11:31:23, EXEC, v:1, k:poo@lapiseira, mode:FULL, rate:0, size:60
2025-11-11 11:31:23, EXEC, v:1, k:poo@lapiseira, mode:FULL, rate:0, size:60
2025-11-11 11:31:25, MOVE, v:1, k:poo@lapiseira, mode:BACK
2025-11-11 15:31:05, MOVE, v:1, k:poo@lapiseira, mode:PICK
2025-11-11 15:31:06, EXEC, v:1, k:poo@lapiseira, mode:FULL, rate:0, size:60
2025-11-11 15:56:20, EXEC, v:1, k:poo@lapiseira, mode:FULL, rate:0, size:68
2025-11-11 15:59:45, EXEC, v:1, k:poo@lapiseira, mode:FULL, rate:0, size:68
2025-11-11 16:00:24, EXEC, v:1, k:poo@lapiseira, mode:FULL, rate:0
2025-11-11 16:03:36, EXEC, v:1, k:poo@lapiseira, mode:FULL, rate:0
2025-11-11 16:06:33, EXEC, v:1, k:poo@lapiseira, mode:FULL, rate:0, size:69
2025-11-11 16:12:34, EXEC, v:1, k:poo@lapiseira, mode:FULL, rate:0, size:77
2025-11-11 16:14:42, MOVE, v:1, k:poo@lapiseira, mode:BACK
2025-11-11 16:14:44, MOVE, v:1, k:poo@pula-pula, mode:PICK
2025-11-11 16:14:45, EXEC, v:1, k:poo@pula-pula, mode:FULL, rate:10
2025-11-11 16:20:33, EXEC, v:1, k:poo@pula-pula, mode:FULL, rate:10
2025-11-11 16:20:38, MOVE, v:1, k:poo@pula-pula, mode:BACK
2025-11-11 16:21:57, MOVE, v:1, k:poo@cinema, mode:PICK
2025-11-11 16:39:18, EXEC, v:1, k:poo@cinema, mode:FULL, rate:0, size:30
2025-11-11 16:41:04, MOVE, v:1, k:poo@cinema, mode:BACK
2025-11-11 16:41:07, MOVE, v:1, k:poo@cinema, mode:PICK
2025-11-11 16:41:08, EXEC, v:1, k:poo@cinema, mode:FULL, rate:0, size:31
2025-11-11 16:42:09, EXEC, v:1, k:poo@cinema, mode:FULL, rate:0, size:35
2025-11-11 16:44:04, EXEC, v:1, k:poo@cinema, mode:FULL, rate:0, size:35
2025-11-11 16:44:05, MOVE, v:1, k:poo@cinema, mode:BACK
